[nltk_data] Downloading package punkt to /gpfs/data/fs72332/fkovacev/d
[nltk_data]     ata/core/grapher/output/../lib/punkt...
[nltk_data] Downloading package punkt to /gpfs/data/fs72332/fkovacev/d
[nltk_data]     ata/core/grapher/output/../lib/punkt...
[nltk_data]   Package punkt is already up-to-date!
[nltk_data]   Package punkt is already up-to-date!
[nltk_data] Downloading package punkt to /gpfs/data/fs72332/fkovacev/d
[nltk_data]     ata/core/grapher/output/../lib/punkt...
[nltk_data] Downloading package punkt to /gpfs/data/fs72332/fkovacev/d
[nltk_data]     ata/core/grapher/output/../lib/punkt...
[nltk_data]   Package punkt is already up-to-date!
[nltk_data]   Package punkt is already up-to-date!
Special tokens have been added in the vocabulary, make sure the associated word embeddings are fine-tuned or trained.
Special tokens have been added in the vocabulary, make sure the associated word embeddings are fine-tuned or trained.
2024-02-14 18:25:45 root INFO: Load training data into GraphDataset.
2024-02-14 18:25:45 root INFO: Load training data into GraphDataset.
Special tokens have been added in the vocabulary, make sure the associated word embeddings are fine-tuned or trained.
Special tokens have been added in the vocabulary, make sure the associated word embeddings are fine-tuned or trained.
2024-02-14 18:25:45 root INFO: Load training data into GraphDataset.
2024-02-14 18:25:45 root INFO: Load training data into GraphDataset.
2024-02-14 18:25:46 root INFO: Load validation data (dev) into GraphDataset.
2024-02-14 18:25:46 root INFO: Load validation data (dev) into GraphDataset.
2024-02-14 18:25:46 torch.distributed.nn.jit.instantiator INFO: Created a temporary directory at /tmp/tmp7119ph1k
2024-02-14 18:25:46 torch.distributed.nn.jit.instantiator INFO: Created a temporary directory at /tmp/tmp9tzsi_ny
2024-02-14 18:25:46 torch.distributed.nn.jit.instantiator INFO: Writing /tmp/tmp7119ph1k/_remote_module_non_scriptable.py
2024-02-14 18:25:46 torch.distributed.nn.jit.instantiator INFO: Writing /tmp/tmp9tzsi_ny/_remote_module_non_scriptable.py
2024-02-14 18:25:46 root INFO: Load validation data (dev) into GraphDataset.
2024-02-14 18:25:46 root INFO: Load validation data (dev) into GraphDataset.
2024-02-14 18:25:47 torch.distributed.nn.jit.instantiator INFO: Created a temporary directory at /tmp/tmpulho97vk
2024-02-14 18:25:47 torch.distributed.nn.jit.instantiator INFO: Created a temporary directory at /tmp/tmpa4s_kq2b
2024-02-14 18:25:47 torch.distributed.nn.jit.instantiator INFO: Writing /tmp/tmpulho97vk/_remote_module_non_scriptable.py
2024-02-14 18:25:47 torch.distributed.nn.jit.instantiator INFO: Writing /tmp/tmpa4s_kq2b/_remote_module_non_scriptable.py
