[nltk_data] Downloading package punkt to /gpfs/data/fs72332/fkovacev/d
[nltk_data]     ata/core/grapher/output/../lib/punkt...
[nltk_data]   Package punkt is already up-to-date!
Special tokens have been added in the vocabulary, make sure the associated word embeddings are fine-tuned or trained.
2024-02-19 13:09:42 root INFO: Load training data into GraphDataset.
2024-02-19 13:09:43 root INFO: Load validation data (dev) into GraphDataset.
2024-02-19 13:09:43 root INFO: Created new directory: /gpfs/data/fs72332/fkovacev/data/core/grapher/output/webnlg_model_variant=gen/2024-02-19 13:09:43 with three sub directories
2024-02-19 13:09:44 torch.distributed.nn.jit.instantiator INFO: Created a temporary directory at /tmp/tmp8s4c35o8
2024-02-19 13:09:44 torch.distributed.nn.jit.instantiator INFO: Writing /tmp/tmp8s4c35o8/_remote_module_non_scriptable.py
2024-02-19 13:09:51 root INFO: NVIDIA A40
GPU available: True (cuda), used: True
TPU available: False, using: 0 TPU cores
IPU available: False, using: 0 IPUs
HPU available: False, using: 0 HPUs
`Trainer(limit_train_batches=1.0)` was configured so 100% of the batches per epoch will be used..
`Trainer(limit_val_batches=1.0)` was configured so 100% of the batches will be used..
`Trainer(limit_test_batches=1.0)` was configured so 100% of the batches will be used..
2024-02-19 13:09:51 root INFO: Starting new training in location: /gpfs/data/fs72332/fkovacev/data/core/grapher/output/webnlg_model_variant=gen/2024-02-19 13:09:43
2024-02-19 13:09:52 root INFO: Load training data into GraphDataset.
LOCAL_RANK: 0 - CUDA_VISIBLE_DEVICES: [0]
┏━━━┳━━━━━━━┳━━━━━━━━━┳━━━━━━━━┓
┃   ┃ Name  ┃ Type    ┃ Params ┃
┡━━━╇━━━━━━━╇━━━━━━━━━╇━━━━━━━━┩
│ 0 │ model │ Grapher │  809 M │
└───┴───────┴─────────┴────────┘
Trainable params: 809 M                                                         
Non-trainable params: 0                                                         
Total params: 809 M                                                             
Total estimated model params size (MB): 3.2 K                                   
SLURM auto-requeueing enabled. Setting signal handlers.
2024-02-19 13:31:42 root INFO: Entering evaluation step
2024-02-19 13:31:46 root INFO: Entering evaluation step
2024-02-19 13:31:51 root INFO: Entering evaluation step
2024-02-19 13:31:55 root INFO: Entering evaluation step
2024-02-19 13:31:59 root INFO: Entering evaluation step
2024-02-19 13:32:03 root INFO: Entering evaluation step
2024-02-19 13:32:07 root INFO: Entering evaluation step
2024-02-19 13:32:11 root INFO: Entering evaluation step
2024-02-19 13:32:15 root INFO: Entering evaluation step
2024-02-19 13:32:19 root INFO: Entering evaluation step
2024-02-19 13:32:23 root INFO: Entering evaluation step
2024-02-19 13:32:27 root INFO: Entering evaluation step
2024-02-19 13:32:31 root INFO: Entering evaluation step
2024-02-19 13:32:35 root INFO: Entering evaluation step
2024-02-19 13:32:39 root INFO: Entering evaluation step
2024-02-19 13:32:43 root INFO: Entering evaluation step
2024-02-19 13:32:48 root INFO: Entering evaluation step
2024-02-19 13:32:52 root INFO: Entering evaluation step
2024-02-19 13:32:56 root INFO: Entering evaluation step
2024-02-19 13:33:00 root INFO: Entering evaluation step
2024-02-19 13:33:04 root INFO: Entering evaluation step
2024-02-19 13:33:08 root INFO: Entering evaluation step
2024-02-19 13:33:12 root INFO: Entering evaluation step
2024-02-19 13:33:16 root INFO: Entering evaluation step
2024-02-19 13:33:20 root INFO: Entering evaluation step
2024-02-19 13:33:24 root INFO: Entering evaluation step
2024-02-19 13:33:28 root INFO: Entering evaluation step
2024-02-19 13:33:32 root INFO: Entering evaluation step
2024-02-19 13:33:36 root INFO: Entering evaluation step
2024-02-19 13:33:40 root INFO: Entering evaluation step
2024-02-19 13:33:44 root INFO: Entering evaluation step
2024-02-19 13:33:48 root INFO: Entering evaluation step
2024-02-19 13:33:52 root INFO: Entering evaluation step
2024-02-19 13:33:57 root INFO: Entering evaluation step
2024-02-19 13:34:01 root INFO: Entering evaluation step
2024-02-19 13:34:05 root INFO: Entering evaluation step
2024-02-19 13:34:09 root INFO: Entering evaluation step
2024-02-19 13:34:13 root INFO: Entering evaluation step
2024-02-19 13:34:17 root INFO: Entering evaluation step
2024-02-19 13:34:21 root INFO: Entering evaluation step
2024-02-19 13:34:25 root INFO: Entering evaluation step
2024-02-19 13:34:29 root INFO: Entering evaluation step
2024-02-19 13:34:33 root INFO: Entering evaluation step
2024-02-19 13:34:37 root INFO: Entering evaluation step
2024-02-19 13:34:41 root INFO: Entering evaluation step
2024-02-19 13:34:45 root INFO: Entering evaluation step
2024-02-19 13:34:49 root INFO: Entering evaluation step
2024-02-19 13:34:53 root INFO: Entering evaluation step
2024-02-19 13:34:57 root INFO: Entering evaluation step
2024-02-19 13:35:01 root INFO: Entering evaluation step
2024-02-19 13:35:06 root INFO: Entering evaluation step
2024-02-19 13:35:10 root INFO: Entering evaluation step
2024-02-19 13:35:14 root INFO: Entering evaluation step
2024-02-19 13:35:18 root INFO: Entering evaluation step
2024-02-19 13:35:22 root INFO: Entering evaluation step
2024-02-19 13:35:26 root INFO: Entering evaluation step
2024-02-19 13:35:30 root INFO: Entering evaluation step
2024-02-19 13:35:34 root INFO: Entering evaluation step
2024-02-19 13:35:38 root INFO: Entering evaluation step
2024-02-19 13:35:42 root INFO: Entering evaluation step
2024-02-19 13:35:46 root INFO: Entering evaluation step
2024-02-19 13:35:50 root INFO: Entering evaluation step
2024-02-19 13:35:55 root INFO: Entering evaluation step
2024-02-19 13:35:59 root INFO: Entering evaluation step
2024-02-19 13:36:03 root INFO: Entering evaluation step
2024-02-19 13:36:07 root INFO: Entering evaluation step
2024-02-19 13:36:11 root INFO: Entering evaluation step
2024-02-19 13:36:15 root INFO: Entering evaluation step
2024-02-19 13:36:19 root INFO: Entering evaluation step
2024-02-19 13:36:23 root INFO: Entering evaluation step
2024-02-19 13:36:27 root INFO: Entering evaluation step
2024-02-19 13:36:31 root INFO: Entering evaluation step
2024-02-19 13:36:35 root INFO: Entering evaluation step
2024-02-19 13:36:39 root INFO: Entering evaluation step
2024-02-19 13:36:44 root INFO: Entering evaluation step
2024-02-19 13:36:48 root INFO: Entering evaluation step
2024-02-19 13:36:52 root INFO: Entering evaluation step
2024-02-19 13:36:56 root INFO: Entering evaluation step
2024-02-19 13:37:00 root INFO: Entering evaluation step
2024-02-19 13:37:04 root INFO: Entering evaluation step
2024-02-19 13:37:08 root INFO: Entering evaluation step
2024-02-19 13:37:12 root INFO: Entering evaluation step
2024-02-19 13:37:16 root INFO: Entering evaluation step
2024-02-19 13:37:20 root INFO: Entering evaluation step
2024-02-19 13:37:24 root INFO: Entering evaluation step
2024-02-19 13:37:29 root INFO: Entering evaluation step
2024-02-19 13:37:33 root INFO: Entering evaluation step
2024-02-19 13:37:37 root INFO: Entering evaluation step
2024-02-19 13:37:41 root INFO: Entering evaluation step
2024-02-19 13:37:45 root INFO: Entering evaluation step
2024-02-19 13:37:49 root INFO: Entering evaluation step
2024-02-19 13:37:53 root INFO: Entering evaluation step
2024-02-19 13:37:57 root INFO: Entering evaluation step
2024-02-19 13:38:02 root INFO: Entering evaluation step
2024-02-19 13:38:06 root INFO: Entering evaluation step
2024-02-19 13:38:10 root INFO: Entering evaluation step
2024-02-19 13:38:14 root INFO: Entering evaluation step
2024-02-19 13:38:18 root INFO: Entering evaluation step
2024-02-19 13:38:22 root INFO: Entering evaluation step
2024-02-19 13:38:26 root INFO: Entering evaluation step
2024-02-19 13:38:30 root INFO: Entering evaluation step
2024-02-19 13:38:35 root INFO: Entering evaluation step
2024-02-19 13:38:39 root INFO: Entering evaluation step
2024-02-19 13:38:43 root INFO: Entering evaluation step
2024-02-19 13:38:47 root INFO: Entering evaluation step
2024-02-19 13:38:51 root INFO: Entering evaluation step
2024-02-19 13:38:55 root INFO: Entering evaluation step
2024-02-19 13:38:59 root INFO: Entering evaluation step
2024-02-19 13:39:03 root INFO: Entering evaluation step
2024-02-19 13:39:08 root INFO: Entering evaluation step
2024-02-19 13:39:12 root INFO: Entering evaluation step
2024-02-19 13:39:16 root INFO: Entering evaluation step
2024-02-19 13:39:20 root INFO: Entering evaluation step
2024-02-19 13:39:24 root INFO: Entering evaluation step
2024-02-19 13:39:28 root INFO: Entering evaluation step
2024-02-19 13:39:32 root INFO: Entering evaluation step
2024-02-19 13:39:36 root INFO: Entering evaluation step
2024-02-19 13:39:40 root INFO: Entering evaluation step
2024-02-19 13:39:44 root INFO: Entering evaluation step
2024-02-19 13:39:48 root INFO: Entering evaluation step
2024-02-19 13:39:53 root INFO: Entering evaluation step
2024-02-19 13:39:57 root INFO: Entering evaluation step
2024-02-19 13:40:01 root INFO: Entering evaluation step
2024-02-19 13:40:05 root INFO: Entering evaluation step
2024-02-19 13:40:09 root INFO: Entering evaluation step
2024-02-19 13:40:13 root INFO: Entering evaluation step
2024-02-19 13:40:17 root INFO: Entering evaluation step
2024-02-19 13:40:21 root INFO: Entering evaluation step
2024-02-19 13:40:25 root INFO: Entering evaluation step
2024-02-19 13:40:29 root INFO: Entering evaluation step
2024-02-19 13:40:34 root INFO: Entering evaluation step
2024-02-19 13:40:38 root INFO: Entering evaluation step
2024-02-19 13:40:42 root INFO: Entering evaluation step
2024-02-19 13:40:46 root INFO: Entering evaluation step
2024-02-19 13:40:50 root INFO: Entering evaluation step
2024-02-19 13:40:54 root INFO: Entering evaluation step
2024-02-19 13:40:58 root INFO: Entering evaluation step
2024-02-19 13:41:02 root INFO: Entering evaluation step
2024-02-19 13:41:07 root INFO: Entering evaluation step
2024-02-19 13:41:11 root INFO: Entering evaluation step
2024-02-19 13:41:15 root INFO: Entering evaluation step
2024-02-19 13:41:19 root INFO: Entering evaluation step
2024-02-19 13:41:23 root INFO: Entering evaluation step
2024-02-19 13:41:27 root INFO: Entering evaluation step
2024-02-19 13:41:31 root INFO: Entering evaluation step
2024-02-19 13:41:35 root INFO: Entering evaluation step
2024-02-19 13:41:39 root INFO: Entering evaluation step
2024-02-19 13:41:44 root INFO: Entering evaluation step
2024-02-19 13:41:48 root INFO: Entering evaluation step
2024-02-19 13:41:52 root INFO: Entering evaluation step
2024-02-19 13:41:56 root INFO: Entering evaluation step
2024-02-19 13:42:00 root INFO: Entering evaluation step
2024-02-19 13:42:04 root INFO: Entering evaluation step
2024-02-19 13:42:08 root INFO: Entering evaluation step
2024-02-19 13:42:12 root INFO: Entering evaluation step
2024-02-19 13:42:17 root INFO: Entering evaluation step
2024-02-19 13:42:21 root INFO: Entering evaluation step
2024-02-19 13:42:25 root INFO: Entering evaluation step
2024-02-19 13:42:29 root INFO: Entering evaluation step
2024-02-19 13:42:33 root INFO: Entering evaluation step
2024-02-19 13:42:37 root INFO: Entering evaluation step
2024-02-19 13:42:41 root INFO: Entering evaluation step
2024-02-19 13:42:45 root INFO: Entering evaluation step
2024-02-19 13:42:50 root INFO: Entering evaluation step
2024-02-19 13:42:54 root INFO: Entering evaluation step
2024-02-19 13:42:58 root INFO: Entering evaluation step
2024-02-19 13:43:02 root INFO: Entering evaluation step
2024-02-19 13:43:06 root INFO: Entering evaluation step
2024-02-19 13:43:10 root INFO: Entering evaluation step
2024-02-19 13:43:14 root INFO: Entering evaluation step
2024-02-19 13:43:19 root INFO: Entering evaluation step
2024-02-19 13:43:23 root INFO: Entering evaluation step
2024-02-19 13:43:27 root INFO: Entering evaluation step
2024-02-19 13:43:31 root INFO: Entering evaluation step
2024-02-19 13:43:35 root INFO: Entering evaluation step
2024-02-19 13:43:39 root INFO: Entering evaluation step
2024-02-19 13:43:43 root INFO: Entering evaluation step
2024-02-19 13:43:48 root INFO: Entering evaluation step
2024-02-19 13:43:52 root INFO: Entering evaluation step
2024-02-19 13:43:56 root INFO: Entering evaluation step
2024-02-19 13:44:00 root INFO: Entering evaluation step
2024-02-19 13:44:04 root INFO: Entering evaluation step
2024-02-19 13:44:08 root INFO: Entering evaluation step
2024-02-19 13:44:13 root INFO: Entering evaluation step
2024-02-19 13:44:17 root INFO: Entering evaluation step
2024-02-19 13:44:21 root INFO: Entering evaluation step
2024-02-19 13:44:25 root INFO: Entering evaluation step
2024-02-19 13:44:29 root INFO: Entering evaluation step
2024-02-19 13:44:33 root INFO: Entering evaluation step
2024-02-19 13:44:38 root INFO: Entering evaluation step
2024-02-19 13:44:42 root INFO: Entering evaluation step
2024-02-19 13:44:46 root INFO: Entering evaluation step
2024-02-19 13:44:50 root INFO: Entering evaluation step
2024-02-19 13:44:54 root INFO: Entering evaluation step
2024-02-19 13:44:58 root INFO: Entering evaluation step
2024-02-19 13:45:03 root INFO: Entering evaluation step
2024-02-19 13:45:07 root INFO: Entering evaluation step
2024-02-19 13:45:11 root INFO: Entering evaluation step
2024-02-19 13:45:15 root INFO: Entering evaluation step
2024-02-19 13:45:19 root INFO: Entering evaluation step
2024-02-19 13:45:23 root INFO: Entering evaluation step
2024-02-19 13:45:27 root INFO: Entering evaluation step
2024-02-19 13:45:32 root INFO: Entering evaluation step
2024-02-19 13:45:36 root INFO: Entering evaluation step
2024-02-19 13:45:40 root INFO: Entering evaluation step
2024-02-19 13:45:44 root INFO: Entering evaluation step
2024-02-19 13:45:48 root INFO: Entering evaluation step
2024-02-19 13:45:52 root INFO: Entering evaluation step
2024-02-19 13:45:56 root INFO: Entering evaluation step
2024-02-19 13:46:01 root INFO: Entering evaluation step
2024-02-19 13:46:05 root INFO: Entering evaluation step
2024-02-19 13:46:09 root INFO: Entering evaluation step
2024-02-19 13:46:13 root INFO: Entering evaluation step
2024-02-19 13:46:18 root INFO: Entering evaluation step
2024-02-19 13:46:22 root INFO: Entering evaluation step
2024-02-19 13:46:26 root INFO: Entering evaluation step
2024-02-19 13:46:30 root INFO: Entering evaluation step
2024-02-19 13:46:34 root INFO: Entering evaluation step
2024-02-19 13:46:38 root INFO: Entering evaluation step
2024-02-19 13:46:43 root INFO: Entering evaluation step
2024-02-19 13:46:47 root INFO: Entering evaluation step
2024-02-19 13:46:51 root INFO: Entering evaluation step
2024-02-19 13:46:55 root INFO: Entering evaluation step
2024-02-19 13:46:59 root INFO: Entering evaluation step
2024-02-19 13:47:03 root INFO: Iteration: 178; Rank: 0
2024-02-19 13:51:09 root INFO: Validation scores: Precision: 5.6740807989105766e-05; Recall: 7.565441065214101e-05; F1: 6.484663770183517e-05
2024-02-19 13:51:09 root INFO: Validation epoch ended
creating reference xml  file : [/gpfs/data/fs72332/fkovacev/data/core/grapher/output/webnlg_model_variant=gen/2024-02-19 13:09:43/valid/ref_178_0.xml]
creating hypothesis xml file : [/gpfs/data/fs72332/fkovacev/data/core/grapher/output/webnlg_model_variant=gen/2024-02-19 13:09:43/valid/hyp_178_0.xml]
2024-02-19 14:12:59 root INFO: Entering evaluation step
2024-02-19 14:13:03 root INFO: Entering evaluation step
2024-02-19 14:13:07 root INFO: Entering evaluation step
2024-02-19 14:13:11 root INFO: Entering evaluation step
2024-02-19 14:13:15 root INFO: Entering evaluation step
2024-02-19 14:13:18 root INFO: Entering evaluation step
2024-02-19 14:13:22 root INFO: Entering evaluation step
2024-02-19 14:13:26 root INFO: Entering evaluation step
2024-02-19 14:13:30 root INFO: Entering evaluation step
2024-02-19 14:13:34 root INFO: Entering evaluation step
2024-02-19 14:13:38 root INFO: Entering evaluation step
2024-02-19 14:13:42 root INFO: Entering evaluation step
2024-02-19 14:13:46 root INFO: Entering evaluation step
2024-02-19 14:13:50 root INFO: Entering evaluation step
2024-02-19 14:13:54 root INFO: Entering evaluation step
2024-02-19 14:13:58 root INFO: Entering evaluation step
2024-02-19 14:14:02 root INFO: Entering evaluation step
2024-02-19 14:14:06 root INFO: Entering evaluation step
2024-02-19 14:14:10 root INFO: Entering evaluation step
2024-02-19 14:14:14 root INFO: Entering evaluation step
2024-02-19 14:14:18 root INFO: Entering evaluation step
2024-02-19 14:14:22 root INFO: Entering evaluation step
2024-02-19 14:14:26 root INFO: Entering evaluation step
2024-02-19 14:14:30 root INFO: Entering evaluation step
2024-02-19 14:14:34 root INFO: Entering evaluation step
2024-02-19 14:14:38 root INFO: Entering evaluation step
2024-02-19 14:14:42 root INFO: Entering evaluation step
2024-02-19 14:14:46 root INFO: Entering evaluation step
2024-02-19 14:14:50 root INFO: Entering evaluation step
2024-02-19 14:14:54 root INFO: Entering evaluation step
2024-02-19 14:14:58 root INFO: Entering evaluation step
2024-02-19 14:15:02 root INFO: Entering evaluation step
2024-02-19 14:15:06 root INFO: Entering evaluation step
2024-02-19 14:15:10 root INFO: Entering evaluation step
2024-02-19 14:15:14 root INFO: Entering evaluation step
2024-02-19 14:15:18 root INFO: Entering evaluation step
2024-02-19 14:15:22 root INFO: Entering evaluation step
2024-02-19 14:15:26 root INFO: Entering evaluation step
2024-02-19 14:15:30 root INFO: Entering evaluation step
2024-02-19 14:15:34 root INFO: Entering evaluation step
2024-02-19 14:15:38 root INFO: Entering evaluation step
2024-02-19 14:15:42 root INFO: Entering evaluation step
2024-02-19 14:15:46 root INFO: Entering evaluation step
2024-02-19 14:15:50 root INFO: Entering evaluation step
2024-02-19 14:15:54 root INFO: Entering evaluation step
2024-02-19 14:15:58 root INFO: Entering evaluation step
2024-02-19 14:16:02 root INFO: Entering evaluation step
2024-02-19 14:16:06 root INFO: Entering evaluation step
2024-02-19 14:16:10 root INFO: Entering evaluation step
2024-02-19 14:16:14 root INFO: Entering evaluation step
2024-02-19 14:16:18 root INFO: Entering evaluation step
2024-02-19 14:16:22 root INFO: Entering evaluation step
2024-02-19 14:16:26 root INFO: Entering evaluation step
2024-02-19 14:16:30 root INFO: Entering evaluation step
2024-02-19 14:16:34 root INFO: Entering evaluation step
2024-02-19 14:16:38 root INFO: Entering evaluation step
2024-02-19 14:16:43 root INFO: Entering evaluation step
2024-02-19 14:16:47 root INFO: Entering evaluation step
2024-02-19 14:16:51 root INFO: Entering evaluation step
2024-02-19 14:16:55 root INFO: Entering evaluation step
2024-02-19 14:16:59 root INFO: Entering evaluation step
2024-02-19 14:17:03 root INFO: Entering evaluation step
2024-02-19 14:17:07 root INFO: Entering evaluation step
2024-02-19 14:17:11 root INFO: Entering evaluation step
2024-02-19 14:17:15 root INFO: Entering evaluation step
2024-02-19 14:17:19 root INFO: Entering evaluation step
2024-02-19 14:17:23 root INFO: Entering evaluation step
2024-02-19 14:17:27 root INFO: Entering evaluation step
2024-02-19 14:17:31 root INFO: Entering evaluation step
2024-02-19 14:17:35 root INFO: Entering evaluation step
2024-02-19 14:17:39 root INFO: Entering evaluation step
2024-02-19 14:17:43 root INFO: Entering evaluation step
2024-02-19 14:17:47 root INFO: Entering evaluation step
2024-02-19 14:17:51 root INFO: Entering evaluation step
2024-02-19 14:17:55 root INFO: Entering evaluation step
2024-02-19 14:17:59 root INFO: Entering evaluation step
2024-02-19 14:18:03 root INFO: Entering evaluation step
2024-02-19 14:18:07 root INFO: Entering evaluation step
2024-02-19 14:18:11 root INFO: Entering evaluation step
2024-02-19 14:18:15 root INFO: Entering evaluation step
2024-02-19 14:18:19 root INFO: Entering evaluation step
2024-02-19 14:18:23 root INFO: Entering evaluation step
2024-02-19 14:18:27 root INFO: Entering evaluation step
2024-02-19 14:18:31 root INFO: Entering evaluation step
2024-02-19 14:18:35 root INFO: Entering evaluation step
2024-02-19 14:18:39 root INFO: Entering evaluation step
2024-02-19 14:18:43 root INFO: Entering evaluation step
2024-02-19 14:18:47 root INFO: Entering evaluation step
2024-02-19 14:18:51 root INFO: Entering evaluation step
2024-02-19 14:18:55 root INFO: Entering evaluation step
2024-02-19 14:18:59 root INFO: Entering evaluation step
2024-02-19 14:19:03 root INFO: Entering evaluation step
2024-02-19 14:19:07 root INFO: Entering evaluation step
2024-02-19 14:19:12 root INFO: Entering evaluation step
2024-02-19 14:19:16 root INFO: Entering evaluation step
2024-02-19 14:19:20 root INFO: Entering evaluation step
2024-02-19 14:19:24 root INFO: Entering evaluation step
2024-02-19 14:19:28 root INFO: Entering evaluation step
2024-02-19 14:19:32 root INFO: Entering evaluation step
2024-02-19 14:19:36 root INFO: Entering evaluation step
2024-02-19 14:19:40 root INFO: Entering evaluation step
2024-02-19 14:19:44 root INFO: Entering evaluation step
2024-02-19 14:19:48 root INFO: Entering evaluation step
2024-02-19 14:19:52 root INFO: Entering evaluation step
2024-02-19 14:19:56 root INFO: Entering evaluation step
2024-02-19 14:20:00 root INFO: Entering evaluation step
2024-02-19 14:20:04 root INFO: Entering evaluation step
2024-02-19 14:20:08 root INFO: Entering evaluation step
2024-02-19 14:20:12 root INFO: Entering evaluation step
2024-02-19 14:20:16 root INFO: Entering evaluation step
2024-02-19 14:20:20 root INFO: Entering evaluation step
2024-02-19 14:20:24 root INFO: Entering evaluation step
2024-02-19 14:20:28 root INFO: Entering evaluation step
2024-02-19 14:20:32 root INFO: Entering evaluation step
2024-02-19 14:20:36 root INFO: Entering evaluation step
2024-02-19 14:20:40 root INFO: Entering evaluation step
2024-02-19 14:20:44 root INFO: Entering evaluation step
2024-02-19 14:20:48 root INFO: Entering evaluation step
2024-02-19 14:20:52 root INFO: Entering evaluation step
2024-02-19 14:20:57 root INFO: Entering evaluation step
2024-02-19 14:21:01 root INFO: Entering evaluation step
2024-02-19 14:21:05 root INFO: Entering evaluation step
2024-02-19 14:21:09 root INFO: Entering evaluation step
2024-02-19 14:21:13 root INFO: Entering evaluation step
2024-02-19 14:21:17 root INFO: Entering evaluation step
2024-02-19 14:21:21 root INFO: Entering evaluation step
2024-02-19 14:21:25 root INFO: Entering evaluation step
2024-02-19 14:21:29 root INFO: Entering evaluation step
2024-02-19 14:21:33 root INFO: Entering evaluation step
2024-02-19 14:21:37 root INFO: Entering evaluation step
2024-02-19 14:21:41 root INFO: Entering evaluation step
2024-02-19 14:21:45 root INFO: Entering evaluation step
2024-02-19 14:21:49 root INFO: Entering evaluation step
2024-02-19 14:21:53 root INFO: Entering evaluation step
2024-02-19 14:21:57 root INFO: Entering evaluation step
2024-02-19 14:22:01 root INFO: Entering evaluation step
2024-02-19 14:22:05 root INFO: Entering evaluation step
2024-02-19 14:22:09 root INFO: Entering evaluation step
2024-02-19 14:22:13 root INFO: Entering evaluation step
2024-02-19 14:22:17 root INFO: Entering evaluation step
2024-02-19 14:22:21 root INFO: Entering evaluation step
2024-02-19 14:22:25 root INFO: Entering evaluation step
2024-02-19 14:22:29 root INFO: Entering evaluation step
2024-02-19 14:22:33 root INFO: Entering evaluation step
2024-02-19 14:22:37 root INFO: Entering evaluation step
2024-02-19 14:22:42 root INFO: Entering evaluation step
2024-02-19 14:22:46 root INFO: Entering evaluation step
2024-02-19 14:22:50 root INFO: Entering evaluation step
2024-02-19 14:22:54 root INFO: Entering evaluation step
2024-02-19 14:22:58 root INFO: Entering evaluation step
2024-02-19 14:23:02 root INFO: Entering evaluation step
2024-02-19 14:23:06 root INFO: Entering evaluation step
2024-02-19 14:23:10 root INFO: Entering evaluation step
2024-02-19 14:23:14 root INFO: Entering evaluation step
2024-02-19 14:23:18 root INFO: Entering evaluation step
2024-02-19 14:23:22 root INFO: Entering evaluation step
2024-02-19 14:23:26 root INFO: Entering evaluation step
2024-02-19 14:23:30 root INFO: Entering evaluation step
2024-02-19 14:23:34 root INFO: Entering evaluation step
2024-02-19 14:23:38 root INFO: Entering evaluation step
2024-02-19 14:23:42 root INFO: Entering evaluation step
2024-02-19 14:23:46 root INFO: Entering evaluation step
2024-02-19 14:23:50 root INFO: Entering evaluation step
2024-02-19 14:23:55 root INFO: Entering evaluation step
2024-02-19 14:23:59 root INFO: Entering evaluation step
2024-02-19 14:24:03 root INFO: Entering evaluation step
2024-02-19 14:24:07 root INFO: Entering evaluation step
2024-02-19 14:24:11 root INFO: Entering evaluation step
2024-02-19 14:24:15 root INFO: Entering evaluation step
2024-02-19 14:24:19 root INFO: Entering evaluation step
2024-02-19 14:24:23 root INFO: Entering evaluation step
2024-02-19 14:24:27 root INFO: Entering evaluation step
2024-02-19 14:24:31 root INFO: Entering evaluation step
2024-02-19 14:24:36 root INFO: Entering evaluation step
2024-02-19 14:24:40 root INFO: Entering evaluation step
2024-02-19 14:24:44 root INFO: Entering evaluation step
2024-02-19 14:24:48 root INFO: Entering evaluation step
2024-02-19 14:24:52 root INFO: Entering evaluation step
2024-02-19 14:24:56 root INFO: Entering evaluation step
2024-02-19 14:25:00 root INFO: Entering evaluation step
2024-02-19 14:25:04 root INFO: Entering evaluation step
2024-02-19 14:25:08 root INFO: Entering evaluation step
2024-02-19 14:25:12 root INFO: Entering evaluation step
2024-02-19 14:25:16 root INFO: Entering evaluation step
2024-02-19 14:25:20 root INFO: Entering evaluation step
2024-02-19 14:25:24 root INFO: Entering evaluation step
2024-02-19 14:25:28 root INFO: Entering evaluation step
2024-02-19 14:25:32 root INFO: Entering evaluation step
2024-02-19 14:25:36 root INFO: Entering evaluation step
2024-02-19 14:25:40 root INFO: Entering evaluation step
2024-02-19 14:25:44 root INFO: Entering evaluation step
2024-02-19 14:25:49 root INFO: Entering evaluation step
2024-02-19 14:25:53 root INFO: Entering evaluation step
2024-02-19 14:25:57 root INFO: Entering evaluation step
2024-02-19 14:26:01 root INFO: Entering evaluation step
2024-02-19 14:26:05 root INFO: Entering evaluation step
2024-02-19 14:26:09 root INFO: Entering evaluation step
2024-02-19 14:26:13 root INFO: Entering evaluation step
2024-02-19 14:26:17 root INFO: Entering evaluation step
2024-02-19 14:26:21 root INFO: Entering evaluation step
2024-02-19 14:26:25 root INFO: Entering evaluation step
2024-02-19 14:26:29 root INFO: Entering evaluation step
2024-02-19 14:26:33 root INFO: Entering evaluation step
2024-02-19 14:26:37 root INFO: Entering evaluation step
2024-02-19 14:26:41 root INFO: Entering evaluation step
2024-02-19 14:26:45 root INFO: Entering evaluation step
2024-02-19 14:26:50 root INFO: Entering evaluation step
2024-02-19 14:26:54 root INFO: Entering evaluation step
2024-02-19 14:26:58 root INFO: Entering evaluation step
2024-02-19 14:27:02 root INFO: Entering evaluation step
2024-02-19 14:27:06 root INFO: Entering evaluation step
2024-02-19 14:27:10 root INFO: Entering evaluation step
2024-02-19 14:27:14 root INFO: Entering evaluation step
2024-02-19 14:27:18 root INFO: Entering evaluation step
2024-02-19 14:27:22 root INFO: Entering evaluation step
2024-02-19 14:27:26 root INFO: Entering evaluation step
2024-02-19 14:27:30 root INFO: Entering evaluation step
2024-02-19 14:27:35 root INFO: Entering evaluation step
2024-02-19 14:27:39 root INFO: Entering evaluation step
2024-02-19 14:27:43 root INFO: Entering evaluation step
2024-02-19 14:27:47 root INFO: Entering evaluation step
2024-02-19 14:27:51 root INFO: Entering evaluation step
2024-02-19 14:27:55 root INFO: Entering evaluation step
2024-02-19 14:27:59 root INFO: Entering evaluation step
2024-02-19 14:28:03 root INFO: Iteration: 356; Rank: 0
2024-02-19 14:33:51 root INFO: Validation scores: Precision: 5.6740807989105766e-05; Recall: 7.565441065214101e-05; F1: 6.484663770183517e-05
2024-02-19 14:33:51 root INFO: Validation epoch ended
creating reference xml  file : [/gpfs/data/fs72332/fkovacev/data/core/grapher/output/webnlg_model_variant=gen/2024-02-19 13:09:43/valid/ref_356_0.xml]
creating hypothesis xml file : [/gpfs/data/fs72332/fkovacev/data/core/grapher/output/webnlg_model_variant=gen/2024-02-19 13:09:43/valid/hyp_356_0.xml]
2024-02-19 14:55:41 root INFO: Entering evaluation step
2024-02-19 14:55:45 root INFO: Entering evaluation step
2024-02-19 14:55:49 root INFO: Entering evaluation step
2024-02-19 14:55:53 root INFO: Entering evaluation step
2024-02-19 14:55:57 root INFO: Entering evaluation step
2024-02-19 14:56:01 root INFO: Entering evaluation step
2024-02-19 14:56:05 root INFO: Entering evaluation step
2024-02-19 14:56:09 root INFO: Entering evaluation step
2024-02-19 14:56:13 root INFO: Entering evaluation step
2024-02-19 14:56:17 root INFO: Entering evaluation step
2024-02-19 14:56:21 root INFO: Entering evaluation step
2024-02-19 14:56:25 root INFO: Entering evaluation step
2024-02-19 14:56:29 root INFO: Entering evaluation step
2024-02-19 14:56:33 root INFO: Entering evaluation step
2024-02-19 14:56:37 root INFO: Entering evaluation step
2024-02-19 14:56:41 root INFO: Entering evaluation step
2024-02-19 14:56:45 root INFO: Entering evaluation step
2024-02-19 14:56:49 root INFO: Entering evaluation step
2024-02-19 14:56:53 root INFO: Entering evaluation step
2024-02-19 14:56:57 root INFO: Entering evaluation step
2024-02-19 14:57:01 root INFO: Entering evaluation step
2024-02-19 14:57:05 root INFO: Entering evaluation step
2024-02-19 14:57:09 root INFO: Entering evaluation step
2024-02-19 14:57:13 root INFO: Entering evaluation step
2024-02-19 14:57:17 root INFO: Entering evaluation step
2024-02-19 14:57:21 root INFO: Entering evaluation step
2024-02-19 14:57:25 root INFO: Entering evaluation step
2024-02-19 14:57:29 root INFO: Entering evaluation step
2024-02-19 14:57:33 root INFO: Entering evaluation step
2024-02-19 14:57:37 root INFO: Entering evaluation step
2024-02-19 14:57:41 root INFO: Entering evaluation step
2024-02-19 14:57:45 root INFO: Entering evaluation step
2024-02-19 14:57:49 root INFO: Entering evaluation step
2024-02-19 14:57:53 root INFO: Entering evaluation step
2024-02-19 14:57:57 root INFO: Entering evaluation step
2024-02-19 14:58:01 root INFO: Entering evaluation step
2024-02-19 14:58:05 root INFO: Entering evaluation step
2024-02-19 14:58:09 root INFO: Entering evaluation step
2024-02-19 14:58:13 root INFO: Entering evaluation step
2024-02-19 14:58:17 root INFO: Entering evaluation step
2024-02-19 14:58:21 root INFO: Entering evaluation step
2024-02-19 14:58:25 root INFO: Entering evaluation step
2024-02-19 14:58:29 root INFO: Entering evaluation step
2024-02-19 14:58:33 root INFO: Entering evaluation step
2024-02-19 14:58:37 root INFO: Entering evaluation step
2024-02-19 14:58:41 root INFO: Entering evaluation step
2024-02-19 14:58:45 root INFO: Entering evaluation step
2024-02-19 14:58:49 root INFO: Entering evaluation step
2024-02-19 14:58:53 root INFO: Entering evaluation step
2024-02-19 14:58:57 root INFO: Entering evaluation step
2024-02-19 14:59:01 root INFO: Entering evaluation step
2024-02-19 14:59:05 root INFO: Entering evaluation step
2024-02-19 14:59:09 root INFO: Entering evaluation step
2024-02-19 14:59:13 root INFO: Entering evaluation step
2024-02-19 14:59:17 root INFO: Entering evaluation step
2024-02-19 14:59:21 root INFO: Entering evaluation step
2024-02-19 14:59:25 root INFO: Entering evaluation step
2024-02-19 14:59:29 root INFO: Entering evaluation step
2024-02-19 14:59:33 root INFO: Entering evaluation step
2024-02-19 14:59:37 root INFO: Entering evaluation step
2024-02-19 14:59:41 root INFO: Entering evaluation step
2024-02-19 14:59:45 root INFO: Entering evaluation step
2024-02-19 14:59:49 root INFO: Entering evaluation step
2024-02-19 14:59:53 root INFO: Entering evaluation step
2024-02-19 14:59:57 root INFO: Entering evaluation step
2024-02-19 15:00:01 root INFO: Entering evaluation step
2024-02-19 15:00:05 root INFO: Entering evaluation step
2024-02-19 15:00:09 root INFO: Entering evaluation step
2024-02-19 15:00:13 root INFO: Entering evaluation step
2024-02-19 15:00:17 root INFO: Entering evaluation step
2024-02-19 15:00:21 root INFO: Entering evaluation step
2024-02-19 15:00:25 root INFO: Entering evaluation step
2024-02-19 15:00:29 root INFO: Entering evaluation step
2024-02-19 15:00:33 root INFO: Entering evaluation step
2024-02-19 15:00:37 root INFO: Entering evaluation step
2024-02-19 15:00:41 root INFO: Entering evaluation step
2024-02-19 15:00:45 root INFO: Entering evaluation step
2024-02-19 15:00:49 root INFO: Entering evaluation step
2024-02-19 15:00:53 root INFO: Entering evaluation step
2024-02-19 15:00:57 root INFO: Entering evaluation step
2024-02-19 15:01:01 root INFO: Entering evaluation step
2024-02-19 15:01:05 root INFO: Entering evaluation step
2024-02-19 15:01:09 root INFO: Entering evaluation step
2024-02-19 15:01:13 root INFO: Entering evaluation step
2024-02-19 15:01:17 root INFO: Entering evaluation step
2024-02-19 15:01:21 root INFO: Entering evaluation step
2024-02-19 15:01:25 root INFO: Entering evaluation step
2024-02-19 15:01:29 root INFO: Entering evaluation step
2024-02-19 15:01:33 root INFO: Entering evaluation step
2024-02-19 15:01:37 root INFO: Entering evaluation step
2024-02-19 15:01:41 root INFO: Entering evaluation step
2024-02-19 15:01:45 root INFO: Entering evaluation step
2024-02-19 15:01:49 root INFO: Entering evaluation step
2024-02-19 15:01:54 root INFO: Entering evaluation step
2024-02-19 15:01:58 root INFO: Entering evaluation step
2024-02-19 15:02:02 root INFO: Entering evaluation step
2024-02-19 15:02:06 root INFO: Entering evaluation step
2024-02-19 15:02:10 root INFO: Entering evaluation step
2024-02-19 15:02:14 root INFO: Entering evaluation step
2024-02-19 15:02:18 root INFO: Entering evaluation step
2024-02-19 15:02:22 root INFO: Entering evaluation step
2024-02-19 15:02:26 root INFO: Entering evaluation step
2024-02-19 15:02:30 root INFO: Entering evaluation step
2024-02-19 15:02:34 root INFO: Entering evaluation step
2024-02-19 15:02:38 root INFO: Entering evaluation step
2024-02-19 15:02:42 root INFO: Entering evaluation step
2024-02-19 15:02:46 root INFO: Entering evaluation step
2024-02-19 15:02:50 root INFO: Entering evaluation step
2024-02-19 15:02:54 root INFO: Entering evaluation step
2024-02-19 15:02:58 root INFO: Entering evaluation step
2024-02-19 15:03:02 root INFO: Entering evaluation step
2024-02-19 15:03:06 root INFO: Entering evaluation step
2024-02-19 15:03:10 root INFO: Entering evaluation step
2024-02-19 15:03:14 root INFO: Entering evaluation step
2024-02-19 15:03:18 root INFO: Entering evaluation step
2024-02-19 15:03:22 root INFO: Entering evaluation step
2024-02-19 15:03:26 root INFO: Entering evaluation step
2024-02-19 15:03:31 root INFO: Entering evaluation step
2024-02-19 15:03:35 root INFO: Entering evaluation step
2024-02-19 15:03:39 root INFO: Entering evaluation step
2024-02-19 15:03:43 root INFO: Entering evaluation step
2024-02-19 15:03:47 root INFO: Entering evaluation step
2024-02-19 15:03:51 root INFO: Entering evaluation step
2024-02-19 15:03:55 root INFO: Entering evaluation step
2024-02-19 15:03:59 root INFO: Entering evaluation step
2024-02-19 15:04:03 root INFO: Entering evaluation step
2024-02-19 15:04:07 root INFO: Entering evaluation step
2024-02-19 15:04:11 root INFO: Entering evaluation step
2024-02-19 15:04:15 root INFO: Entering evaluation step
2024-02-19 15:04:19 root INFO: Entering evaluation step
2024-02-19 15:04:23 root INFO: Entering evaluation step
2024-02-19 15:04:27 root INFO: Entering evaluation step
2024-02-19 15:04:31 root INFO: Entering evaluation step
2024-02-19 15:04:35 root INFO: Entering evaluation step
2024-02-19 15:04:39 root INFO: Entering evaluation step
2024-02-19 15:04:43 root INFO: Entering evaluation step
2024-02-19 15:04:47 root INFO: Entering evaluation step
2024-02-19 15:04:51 root INFO: Entering evaluation step
2024-02-19 15:04:55 root INFO: Entering evaluation step
2024-02-19 15:04:59 root INFO: Entering evaluation step
2024-02-19 15:05:03 root INFO: Entering evaluation step
2024-02-19 15:05:08 root INFO: Entering evaluation step
2024-02-19 15:05:12 root INFO: Entering evaluation step
2024-02-19 15:05:16 root INFO: Entering evaluation step
2024-02-19 15:05:20 root INFO: Entering evaluation step
2024-02-19 15:05:24 root INFO: Entering evaluation step
2024-02-19 15:05:28 root INFO: Entering evaluation step
2024-02-19 15:05:32 root INFO: Entering evaluation step
2024-02-19 15:05:36 root INFO: Entering evaluation step
2024-02-19 15:05:40 root INFO: Entering evaluation step
2024-02-19 15:05:44 root INFO: Entering evaluation step
2024-02-19 15:05:48 root INFO: Entering evaluation step
2024-02-19 15:05:52 root INFO: Entering evaluation step
2024-02-19 15:05:56 root INFO: Entering evaluation step
2024-02-19 15:06:00 root INFO: Entering evaluation step
2024-02-19 15:06:04 root INFO: Entering evaluation step
2024-02-19 15:06:08 root INFO: Entering evaluation step
2024-02-19 15:06:13 root INFO: Entering evaluation step
2024-02-19 15:06:17 root INFO: Entering evaluation step
2024-02-19 15:06:21 root INFO: Entering evaluation step
2024-02-19 15:06:25 root INFO: Entering evaluation step
2024-02-19 15:06:29 root INFO: Entering evaluation step
2024-02-19 15:06:33 root INFO: Entering evaluation step
2024-02-19 15:06:37 root INFO: Entering evaluation step
2024-02-19 15:06:41 root INFO: Entering evaluation step
2024-02-19 15:06:45 root INFO: Entering evaluation step
2024-02-19 15:06:49 root INFO: Entering evaluation step
2024-02-19 15:06:53 root INFO: Entering evaluation step
2024-02-19 15:06:57 root INFO: Entering evaluation step
2024-02-19 15:07:01 root INFO: Entering evaluation step
2024-02-19 15:07:05 root INFO: Entering evaluation step
2024-02-19 15:07:09 root INFO: Entering evaluation step
2024-02-19 15:07:14 root INFO: Entering evaluation step
2024-02-19 15:07:18 root INFO: Entering evaluation step
2024-02-19 15:07:22 root INFO: Entering evaluation step
2024-02-19 15:07:26 root INFO: Entering evaluation step
2024-02-19 15:07:30 root INFO: Entering evaluation step
2024-02-19 15:07:34 root INFO: Entering evaluation step
2024-02-19 15:07:38 root INFO: Entering evaluation step
2024-02-19 15:07:42 root INFO: Entering evaluation step
2024-02-19 15:07:46 root INFO: Entering evaluation step
2024-02-19 15:07:50 root INFO: Entering evaluation step
2024-02-19 15:07:54 root INFO: Entering evaluation step
2024-02-19 15:07:58 root INFO: Entering evaluation step
2024-02-19 15:08:03 root INFO: Entering evaluation step
2024-02-19 15:08:07 root INFO: Entering evaluation step
2024-02-19 15:08:11 root INFO: Entering evaluation step
2024-02-19 15:08:15 root INFO: Entering evaluation step
2024-02-19 15:08:19 root INFO: Entering evaluation step
2024-02-19 15:08:23 root INFO: Entering evaluation step
2024-02-19 15:08:27 root INFO: Entering evaluation step
2024-02-19 15:08:31 root INFO: Entering evaluation step
2024-02-19 15:08:36 root INFO: Entering evaluation step
2024-02-19 15:08:40 root INFO: Entering evaluation step
2024-02-19 15:08:44 root INFO: Entering evaluation step
2024-02-19 15:08:48 root INFO: Entering evaluation step
2024-02-19 15:08:52 root INFO: Entering evaluation step
2024-02-19 15:08:56 root INFO: Entering evaluation step
2024-02-19 15:09:00 root INFO: Entering evaluation step
2024-02-19 15:09:04 root INFO: Entering evaluation step
2024-02-19 15:09:08 root INFO: Entering evaluation step
2024-02-19 15:09:12 root INFO: Entering evaluation step
2024-02-19 15:09:16 root INFO: Entering evaluation step
2024-02-19 15:09:20 root INFO: Entering evaluation step
2024-02-19 15:09:25 root INFO: Entering evaluation step
2024-02-19 15:09:29 root INFO: Entering evaluation step
2024-02-19 15:09:33 root INFO: Entering evaluation step
2024-02-19 15:09:37 root INFO: Entering evaluation step
2024-02-19 15:09:41 root INFO: Entering evaluation step
2024-02-19 15:09:45 root INFO: Entering evaluation step
2024-02-19 15:09:49 root INFO: Entering evaluation step
2024-02-19 15:09:53 root INFO: Entering evaluation step
2024-02-19 15:09:57 root INFO: Entering evaluation step
2024-02-19 15:10:01 root INFO: Entering evaluation step
2024-02-19 15:10:05 root INFO: Entering evaluation step
2024-02-19 15:10:10 root INFO: Entering evaluation step
2024-02-19 15:10:14 root INFO: Entering evaluation step
2024-02-19 15:10:18 root INFO: Entering evaluation step
2024-02-19 15:10:22 root INFO: Entering evaluation step
2024-02-19 15:10:26 root INFO: Entering evaluation step
2024-02-19 15:10:30 root INFO: Entering evaluation step
2024-02-19 15:10:34 root INFO: Entering evaluation step
2024-02-19 15:10:38 root INFO: Entering evaluation step
2024-02-19 15:10:43 root INFO: Entering evaluation step
2024-02-19 15:10:46 root INFO: Iteration: 534; Rank: 0
srun: Job step aborted: Waiting up to 32 seconds for job step to finish.
slurmstepd: error: *** STEP 2795575.0 ON n3067-011 CANCELLED AT 2024-02-19T15:48:26 ***
slurmstepd: error: *** JOB 2795575 ON n3067-011 CANCELLED AT 2024-02-19T15:48:26 ***
[rank: 0] Received SIGTERM: 15
Bypassing SIGTERM: 15
