[nltk_data] Downloading package punkt to /gpfs/data/fs72332/fkovacev/d
[nltk_data]     ata/core/grapher/output/../lib/punkt...
[nltk_data]   Package punkt is already up-to-date!
Special tokens have been added in the vocabulary, make sure the associated word embeddings are fine-tuned or trained.
2024-02-20 10:49:20 root INFO: Load training data into GraphDataset.
2024-02-20 10:49:21 root INFO: Load validation data (dev) into GraphDataset.
2024-02-20 10:49:21 root INFO: Created new directory: /gpfs/data/fs72332/fkovacev/data/core/grapher/output/webnlg_model_variant=class/2024-02-20 10:49:21 with three sub directories
2024-02-20 10:49:21 torch.distributed.nn.jit.instantiator INFO: Created a temporary directory at /tmp/tmpl9ll31he
2024-02-20 10:49:21 torch.distributed.nn.jit.instantiator INFO: Writing /tmp/tmpl9ll31he/_remote_module_non_scriptable.py
GPU available: True (cuda), used: True
TPU available: False, using: 0 TPU cores
IPU available: False, using: 0 IPUs
HPU available: False, using: 0 HPUs
`Trainer(limit_train_batches=1.0)` was configured so 100% of the batches per epoch will be used..
`Trainer(limit_val_batches=1.0)` was configured so 100% of the batches will be used..
`Trainer(limit_test_batches=1.0)` was configured so 100% of the batches will be used..
2024-02-20 10:49:28 root INFO: Starting new training in location: /gpfs/data/fs72332/fkovacev/data/core/grapher/output/webnlg_model_variant=class/2024-02-20 10:49:21
You are using a CUDA device ('NVIDIA A40') that has Tensor Cores. To properly utilize them, you should set `torch.set_float32_matmul_precision('medium' | 'high')` which will trade-off precision for performance. For more details, read https://pytorch.org/docs/stable/generated/torch.set_float32_matmul_precision.html#torch.set_float32_matmul_precision
2024-02-20 10:49:29 root INFO: Load training data into GraphDataset.
LOCAL_RANK: 0 - CUDA_VISIBLE_DEVICES: [0]
┏━━━┳━━━━━━━┳━━━━━━━━━┳━━━━━━━━┓
┃   ┃ Name  ┃ Type    ┃ Params ┃
┡━━━╇━━━━━━━╇━━━━━━━━━╇━━━━━━━━┩
│ 0 │ model │ Grapher │  738 M │
└───┴───────┴─────────┴────────┘
Trainable params: 738 M                                                         
Non-trainable params: 0                                                         
Total params: 738 M                                                             
Total estimated model params size (MB): 3.0 K                                   
SLURM auto-requeueing enabled. Setting signal handlers.
2024-02-20 11:03:41 root INFO: Entering evaluation step
2024-02-20 11:03:42 root INFO: Entering evaluation step
2024-02-20 11:03:43 root INFO: Entering evaluation step
2024-02-20 11:03:43 root INFO: Entering evaluation step
2024-02-20 11:03:44 root INFO: Entering evaluation step
2024-02-20 11:03:45 root INFO: Entering evaluation step
2024-02-20 11:03:46 root INFO: Entering evaluation step
2024-02-20 11:03:46 root INFO: Entering evaluation step
2024-02-20 11:03:47 root INFO: Entering evaluation step
2024-02-20 11:03:48 root INFO: Entering evaluation step
2024-02-20 11:03:49 root INFO: Entering evaluation step
2024-02-20 11:03:50 root INFO: Entering evaluation step
2024-02-20 11:03:50 root INFO: Entering evaluation step
2024-02-20 11:03:51 root INFO: Entering evaluation step
2024-02-20 11:03:52 root INFO: Entering evaluation step
2024-02-20 11:03:53 root INFO: Entering evaluation step
2024-02-20 11:03:54 root INFO: Entering evaluation step
2024-02-20 11:03:55 root INFO: Entering evaluation step
2024-02-20 11:03:55 root INFO: Entering evaluation step
2024-02-20 11:03:56 root INFO: Entering evaluation step
2024-02-20 11:03:57 root INFO: Entering evaluation step
2024-02-20 11:03:58 root INFO: Entering evaluation step
2024-02-20 11:03:59 root INFO: Entering evaluation step
2024-02-20 11:04:00 root INFO: Entering evaluation step
2024-02-20 11:04:01 root INFO: Entering evaluation step
2024-02-20 11:04:01 root INFO: Entering evaluation step
2024-02-20 11:04:02 root INFO: Entering evaluation step
2024-02-20 11:04:03 root INFO: Entering evaluation step
2024-02-20 11:04:04 root INFO: Entering evaluation step
2024-02-20 11:04:05 root INFO: Entering evaluation step
2024-02-20 11:04:05 root INFO: Entering evaluation step
2024-02-20 11:04:06 root INFO: Entering evaluation step
2024-02-20 11:04:07 root INFO: Entering evaluation step
2024-02-20 11:04:08 root INFO: Entering evaluation step
2024-02-20 11:04:09 root INFO: Entering evaluation step
2024-02-20 11:04:09 root INFO: Entering evaluation step
2024-02-20 11:04:10 root INFO: Entering evaluation step
2024-02-20 11:04:11 root INFO: Entering evaluation step
2024-02-20 11:04:12 root INFO: Entering evaluation step
2024-02-20 11:04:13 root INFO: Entering evaluation step
2024-02-20 11:04:14 root INFO: Entering evaluation step
2024-02-20 11:04:15 root INFO: Entering evaluation step
2024-02-20 11:04:16 root INFO: Entering evaluation step
2024-02-20 11:04:17 root INFO: Entering evaluation step
2024-02-20 11:04:19 root INFO: Entering evaluation step
2024-02-20 11:04:19 root INFO: Entering evaluation step
2024-02-20 11:04:20 root INFO: Entering evaluation step
2024-02-20 11:04:21 root INFO: Entering evaluation step
2024-02-20 11:04:22 root INFO: Entering evaluation step
2024-02-20 11:04:23 root INFO: Entering evaluation step
2024-02-20 11:04:24 root INFO: Entering evaluation step
2024-02-20 11:04:25 root INFO: Entering evaluation step
2024-02-20 11:04:26 root INFO: Entering evaluation step
2024-02-20 11:04:27 root INFO: Entering evaluation step
2024-02-20 11:04:28 root INFO: Entering evaluation step
2024-02-20 11:04:29 root INFO: Entering evaluation step
2024-02-20 11:04:30 root INFO: Entering evaluation step
2024-02-20 11:04:31 root INFO: Entering evaluation step
2024-02-20 11:04:32 root INFO: Entering evaluation step
2024-02-20 11:04:33 root INFO: Entering evaluation step
2024-02-20 11:04:33 root INFO: Entering evaluation step
2024-02-20 11:04:34 root INFO: Entering evaluation step
2024-02-20 11:04:35 root INFO: Entering evaluation step
2024-02-20 11:04:36 root INFO: Entering evaluation step
2024-02-20 11:04:37 root INFO: Entering evaluation step
2024-02-20 11:04:39 root INFO: Entering evaluation step
2024-02-20 11:04:40 root INFO: Entering evaluation step
2024-02-20 11:04:41 root INFO: Entering evaluation step
2024-02-20 11:04:42 root INFO: Entering evaluation step
2024-02-20 11:04:42 root INFO: Entering evaluation step
2024-02-20 11:04:43 root INFO: Entering evaluation step
2024-02-20 11:04:44 root INFO: Entering evaluation step
2024-02-20 11:04:45 root INFO: Entering evaluation step
2024-02-20 11:04:47 root INFO: Entering evaluation step
2024-02-20 11:04:48 root INFO: Entering evaluation step
2024-02-20 11:04:49 root INFO: Entering evaluation step
2024-02-20 11:04:50 root INFO: Entering evaluation step
2024-02-20 11:04:51 root INFO: Entering evaluation step
2024-02-20 11:04:52 root INFO: Entering evaluation step
2024-02-20 11:04:54 root INFO: Entering evaluation step
2024-02-20 11:04:55 root INFO: Entering evaluation step
2024-02-20 11:04:56 root INFO: Entering evaluation step
2024-02-20 11:04:57 root INFO: Entering evaluation step
2024-02-20 11:04:58 root INFO: Entering evaluation step
2024-02-20 11:04:59 root INFO: Entering evaluation step
2024-02-20 11:05:00 root INFO: Entering evaluation step
2024-02-20 11:05:01 root INFO: Entering evaluation step
2024-02-20 11:05:02 root INFO: Entering evaluation step
2024-02-20 11:05:04 root INFO: Entering evaluation step
2024-02-20 11:05:05 root INFO: Entering evaluation step
2024-02-20 11:05:06 root INFO: Entering evaluation step
2024-02-20 11:05:07 root INFO: Entering evaluation step
2024-02-20 11:05:08 root INFO: Entering evaluation step
2024-02-20 11:05:09 root INFO: Entering evaluation step
2024-02-20 11:05:10 root INFO: Entering evaluation step
2024-02-20 11:05:11 root INFO: Entering evaluation step
2024-02-20 11:05:12 root INFO: Entering evaluation step
2024-02-20 11:05:13 root INFO: Entering evaluation step
2024-02-20 11:05:14 root INFO: Entering evaluation step
2024-02-20 11:05:15 root INFO: Entering evaluation step
2024-02-20 11:05:16 root INFO: Entering evaluation step
2024-02-20 11:05:17 root INFO: Entering evaluation step
2024-02-20 11:05:18 root INFO: Entering evaluation step
2024-02-20 11:05:19 root INFO: Entering evaluation step
2024-02-20 11:05:21 root INFO: Entering evaluation step
2024-02-20 11:05:22 root INFO: Entering evaluation step
2024-02-20 11:05:23 root INFO: Entering evaluation step
2024-02-20 11:05:24 root INFO: Entering evaluation step
2024-02-20 11:05:27 root INFO: Entering evaluation step
2024-02-20 11:05:28 root INFO: Entering evaluation step
2024-02-20 11:05:29 root INFO: Entering evaluation step
2024-02-20 11:05:30 root INFO: Entering evaluation step
2024-02-20 11:05:32 root INFO: Entering evaluation step
2024-02-20 11:05:33 root INFO: Entering evaluation step
2024-02-20 11:05:33 root INFO: Entering evaluation step
2024-02-20 11:05:35 root INFO: Entering evaluation step
2024-02-20 11:05:35 root INFO: Entering evaluation step
2024-02-20 11:05:36 root INFO: Entering evaluation step
2024-02-20 11:05:37 root INFO: Entering evaluation step
2024-02-20 11:05:38 root INFO: Entering evaluation step
2024-02-20 11:05:39 root INFO: Entering evaluation step
2024-02-20 11:05:40 root INFO: Entering evaluation step
2024-02-20 11:05:41 root INFO: Entering evaluation step
2024-02-20 11:05:42 root INFO: Entering evaluation step
2024-02-20 11:05:43 root INFO: Entering evaluation step
2024-02-20 11:05:44 root INFO: Entering evaluation step
2024-02-20 11:05:46 root INFO: Entering evaluation step
2024-02-20 11:05:47 root INFO: Entering evaluation step
2024-02-20 11:05:48 root INFO: Entering evaluation step
2024-02-20 11:05:50 root INFO: Entering evaluation step
2024-02-20 11:05:51 root INFO: Entering evaluation step
2024-02-20 11:05:52 root INFO: Entering evaluation step
2024-02-20 11:05:53 root INFO: Entering evaluation step
2024-02-20 11:05:54 root INFO: Entering evaluation step
2024-02-20 11:05:56 root INFO: Entering evaluation step
2024-02-20 11:05:57 root INFO: Entering evaluation step
2024-02-20 11:05:58 root INFO: Entering evaluation step
2024-02-20 11:05:59 root INFO: Entering evaluation step
2024-02-20 11:06:00 root INFO: Entering evaluation step
2024-02-20 11:06:01 root INFO: Entering evaluation step
2024-02-20 11:06:03 root INFO: Entering evaluation step
2024-02-20 11:06:04 root INFO: Entering evaluation step
2024-02-20 11:06:05 root INFO: Entering evaluation step
2024-02-20 11:06:06 root INFO: Entering evaluation step
2024-02-20 11:06:07 root INFO: Entering evaluation step
2024-02-20 11:06:08 root INFO: Entering evaluation step
2024-02-20 11:06:09 root INFO: Entering evaluation step
2024-02-20 11:06:10 root INFO: Entering evaluation step
2024-02-20 11:06:13 root INFO: Entering evaluation step
2024-02-20 11:06:14 root INFO: Entering evaluation step
2024-02-20 11:06:15 root INFO: Entering evaluation step
2024-02-20 11:06:16 root INFO: Entering evaluation step
2024-02-20 11:06:18 root INFO: Entering evaluation step
2024-02-20 11:06:19 root INFO: Entering evaluation step
2024-02-20 11:06:20 root INFO: Entering evaluation step
2024-02-20 11:06:21 root INFO: Entering evaluation step
2024-02-20 11:06:23 root INFO: Entering evaluation step
2024-02-20 11:06:24 root INFO: Entering evaluation step
2024-02-20 11:06:25 root INFO: Entering evaluation step
2024-02-20 11:06:27 root INFO: Entering evaluation step
2024-02-20 11:06:28 root INFO: Entering evaluation step
2024-02-20 11:06:30 root INFO: Entering evaluation step
2024-02-20 11:06:31 root INFO: Entering evaluation step
2024-02-20 11:06:32 root INFO: Entering evaluation step
2024-02-20 11:06:33 root INFO: Entering evaluation step
2024-02-20 11:06:35 root INFO: Entering evaluation step
2024-02-20 11:06:37 root INFO: Entering evaluation step
2024-02-20 11:06:40 root INFO: Entering evaluation step
2024-02-20 11:06:41 root INFO: Entering evaluation step
2024-02-20 11:06:42 root INFO: Entering evaluation step
2024-02-20 11:06:43 root INFO: Entering evaluation step
2024-02-20 11:06:44 root INFO: Entering evaluation step
2024-02-20 11:06:46 root INFO: Entering evaluation step
2024-02-20 11:06:47 root INFO: Entering evaluation step
2024-02-20 11:06:49 root INFO: Entering evaluation step
2024-02-20 11:06:50 root INFO: Entering evaluation step
2024-02-20 11:06:52 root INFO: Entering evaluation step
2024-02-20 11:06:53 root INFO: Entering evaluation step
2024-02-20 11:06:54 root INFO: Entering evaluation step
2024-02-20 11:06:56 root INFO: Entering evaluation step
2024-02-20 11:06:57 root INFO: Entering evaluation step
2024-02-20 11:06:59 root INFO: Entering evaluation step
2024-02-20 11:07:00 root INFO: Entering evaluation step
2024-02-20 11:07:01 root INFO: Entering evaluation step
2024-02-20 11:07:02 root INFO: Entering evaluation step
2024-02-20 11:07:03 root INFO: Entering evaluation step
2024-02-20 11:07:05 root INFO: Entering evaluation step
2024-02-20 11:07:06 root INFO: Entering evaluation step
2024-02-20 11:07:07 root INFO: Entering evaluation step
2024-02-20 11:07:08 root INFO: Entering evaluation step
2024-02-20 11:07:09 root INFO: Entering evaluation step
2024-02-20 11:07:11 root INFO: Entering evaluation step
2024-02-20 11:07:14 root INFO: Entering evaluation step
2024-02-20 11:07:15 root INFO: Entering evaluation step
2024-02-20 11:07:16 root INFO: Entering evaluation step
2024-02-20 11:07:18 root INFO: Entering evaluation step
2024-02-20 11:07:19 root INFO: Entering evaluation step
2024-02-20 11:07:21 root INFO: Entering evaluation step
2024-02-20 11:07:22 root INFO: Entering evaluation step
2024-02-20 11:07:24 root INFO: Entering evaluation step
2024-02-20 11:07:25 root INFO: Entering evaluation step
2024-02-20 11:07:27 root INFO: Entering evaluation step
2024-02-20 11:07:28 root INFO: Entering evaluation step
2024-02-20 11:07:29 root INFO: Entering evaluation step
2024-02-20 11:07:30 root INFO: Entering evaluation step
2024-02-20 11:07:31 root INFO: Entering evaluation step
2024-02-20 11:07:33 root INFO: Entering evaluation step
2024-02-20 11:07:34 root INFO: Entering evaluation step
2024-02-20 11:07:35 root INFO: Entering evaluation step
2024-02-20 11:07:36 root INFO: Entering evaluation step
2024-02-20 11:07:38 root INFO: Entering evaluation step
2024-02-20 11:07:40 root INFO: Entering evaluation step
2024-02-20 11:07:41 root INFO: Entering evaluation step
2024-02-20 11:07:43 root INFO: Entering evaluation step
2024-02-20 11:07:45 root INFO: Entering evaluation step
2024-02-20 11:07:47 root INFO: Entering evaluation step
2024-02-20 11:07:48 root INFO: Entering evaluation step
2024-02-20 11:07:49 root INFO: Entering evaluation step
2024-02-20 11:07:50 root INFO: Entering evaluation step
2024-02-20 11:07:52 root INFO: Entering evaluation step
2024-02-20 11:07:55 root INFO: Entering evaluation step
2024-02-20 11:07:56 root INFO: Entering evaluation step
2024-02-20 11:07:57 root INFO: Entering evaluation step
2024-02-20 11:08:00 root INFO: Entering evaluation step
2024-02-20 11:08:02 root INFO: Iteration: 178; Rank: 0
2024-02-20 11:09:38 root INFO: Validation scores: Precision: 0.19989558490466341; Recall: 0.20244489837090834; F1: 0.2008871056987262
2024-02-20 11:09:38 root INFO: Validation epoch ended
creating reference xml  file : [/gpfs/data/fs72332/fkovacev/data/core/grapher/output/webnlg_model_variant=class/2024-02-20 10:49:21/valid/ref_178_0.xml]
creating hypothesis xml file : [/gpfs/data/fs72332/fkovacev/data/core/grapher/output/webnlg_model_variant=class/2024-02-20 10:49:21/valid/hyp_178_0.xml]
2024-02-20 11:23:53 root INFO: Entering evaluation step
2024-02-20 11:23:54 root INFO: Entering evaluation step
2024-02-20 11:23:55 root INFO: Entering evaluation step
2024-02-20 11:23:55 root INFO: Entering evaluation step
2024-02-20 11:23:56 root INFO: Entering evaluation step
2024-02-20 11:23:57 root INFO: Entering evaluation step
2024-02-20 11:23:58 root INFO: Entering evaluation step
2024-02-20 11:23:58 root INFO: Entering evaluation step
2024-02-20 11:23:59 root INFO: Entering evaluation step
2024-02-20 11:24:00 root INFO: Entering evaluation step
2024-02-20 11:24:01 root INFO: Entering evaluation step
2024-02-20 11:24:02 root INFO: Entering evaluation step
2024-02-20 11:24:03 root INFO: Entering evaluation step
2024-02-20 11:24:03 root INFO: Entering evaluation step
2024-02-20 11:24:04 root INFO: Entering evaluation step
2024-02-20 11:24:05 root INFO: Entering evaluation step
2024-02-20 11:24:06 root INFO: Entering evaluation step
2024-02-20 11:24:07 root INFO: Entering evaluation step
2024-02-20 11:24:08 root INFO: Entering evaluation step
2024-02-20 11:24:08 root INFO: Entering evaluation step
2024-02-20 11:24:09 root INFO: Entering evaluation step
2024-02-20 11:24:10 root INFO: Entering evaluation step
2024-02-20 11:24:11 root INFO: Entering evaluation step
2024-02-20 11:24:12 root INFO: Entering evaluation step
2024-02-20 11:24:12 root INFO: Entering evaluation step
2024-02-20 11:24:13 root INFO: Entering evaluation step
2024-02-20 11:24:14 root INFO: Entering evaluation step
2024-02-20 11:24:15 root INFO: Entering evaluation step
2024-02-20 11:24:16 root INFO: Entering evaluation step
2024-02-20 11:24:17 root INFO: Entering evaluation step
2024-02-20 11:24:17 root INFO: Entering evaluation step
2024-02-20 11:24:18 root INFO: Entering evaluation step
2024-02-20 11:24:19 root INFO: Entering evaluation step
2024-02-20 11:24:20 root INFO: Entering evaluation step
2024-02-20 11:24:20 root INFO: Entering evaluation step
2024-02-20 11:24:21 root INFO: Entering evaluation step
2024-02-20 11:24:22 root INFO: Entering evaluation step
2024-02-20 11:24:23 root INFO: Entering evaluation step
2024-02-20 11:24:24 root INFO: Entering evaluation step
2024-02-20 11:24:25 root INFO: Entering evaluation step
2024-02-20 11:24:25 root INFO: Entering evaluation step
2024-02-20 11:24:26 root INFO: Entering evaluation step
2024-02-20 11:24:27 root INFO: Entering evaluation step
2024-02-20 11:24:29 root INFO: Entering evaluation step
2024-02-20 11:24:30 root INFO: Entering evaluation step
2024-02-20 11:24:31 root INFO: Entering evaluation step
2024-02-20 11:24:32 root INFO: Entering evaluation step
2024-02-20 11:24:33 root INFO: Entering evaluation step
2024-02-20 11:24:34 root INFO: Entering evaluation step
2024-02-20 11:24:35 root INFO: Entering evaluation step
2024-02-20 11:24:36 root INFO: Entering evaluation step
2024-02-20 11:24:37 root INFO: Entering evaluation step
2024-02-20 11:24:38 root INFO: Entering evaluation step
2024-02-20 11:24:39 root INFO: Entering evaluation step
2024-02-20 11:24:39 root INFO: Entering evaluation step
2024-02-20 11:24:40 root INFO: Entering evaluation step
2024-02-20 11:24:41 root INFO: Entering evaluation step
2024-02-20 11:24:42 root INFO: Entering evaluation step
2024-02-20 11:24:43 root INFO: Entering evaluation step
2024-02-20 11:24:44 root INFO: Entering evaluation step
2024-02-20 11:24:45 root INFO: Entering evaluation step
2024-02-20 11:24:46 root INFO: Entering evaluation step
2024-02-20 11:24:47 root INFO: Entering evaluation step
2024-02-20 11:24:48 root INFO: Entering evaluation step
2024-02-20 11:24:49 root INFO: Entering evaluation step
2024-02-20 11:24:50 root INFO: Entering evaluation step
2024-02-20 11:24:51 root INFO: Entering evaluation step
2024-02-20 11:24:52 root INFO: Entering evaluation step
2024-02-20 11:24:53 root INFO: Entering evaluation step
2024-02-20 11:24:54 root INFO: Entering evaluation step
2024-02-20 11:24:55 root INFO: Entering evaluation step
2024-02-20 11:24:56 root INFO: Entering evaluation step
2024-02-20 11:24:56 root INFO: Entering evaluation step
2024-02-20 11:24:58 root INFO: Entering evaluation step
2024-02-20 11:24:59 root INFO: Entering evaluation step
2024-02-20 11:25:00 root INFO: Entering evaluation step
2024-02-20 11:25:01 root INFO: Entering evaluation step
2024-02-20 11:25:02 root INFO: Entering evaluation step
2024-02-20 11:25:03 root INFO: Entering evaluation step
2024-02-20 11:25:05 root INFO: Entering evaluation step
2024-02-20 11:25:06 root INFO: Entering evaluation step
2024-02-20 11:25:07 root INFO: Entering evaluation step
2024-02-20 11:25:08 root INFO: Entering evaluation step
2024-02-20 11:25:09 root INFO: Entering evaluation step
2024-02-20 11:25:10 root INFO: Entering evaluation step
2024-02-20 11:25:11 root INFO: Entering evaluation step
2024-02-20 11:25:12 root INFO: Entering evaluation step
2024-02-20 11:25:13 root INFO: Entering evaluation step
2024-02-20 11:25:15 root INFO: Entering evaluation step
2024-02-20 11:25:16 root INFO: Entering evaluation step
2024-02-20 11:25:17 root INFO: Entering evaluation step
2024-02-20 11:25:18 root INFO: Entering evaluation step
2024-02-20 11:25:19 root INFO: Entering evaluation step
2024-02-20 11:25:20 root INFO: Entering evaluation step
2024-02-20 11:25:21 root INFO: Entering evaluation step
2024-02-20 11:25:21 root INFO: Entering evaluation step
2024-02-20 11:25:22 root INFO: Entering evaluation step
2024-02-20 11:25:23 root INFO: Entering evaluation step
2024-02-20 11:25:24 root INFO: Entering evaluation step
2024-02-20 11:25:25 root INFO: Entering evaluation step
2024-02-20 11:25:26 root INFO: Entering evaluation step
2024-02-20 11:25:27 root INFO: Entering evaluation step
2024-02-20 11:25:29 root INFO: Entering evaluation step
2024-02-20 11:25:30 root INFO: Entering evaluation step
2024-02-20 11:25:31 root INFO: Entering evaluation step
